<?xml version="1.0" encoding="UTF-8"?>
<!-- Generated by org.testng.reporters.JUnitReportReporter -->
<testsuite hostname="DESKTOP-LQS24JT" failures="0" tests="2" name="testcases.fileUpload" time="7.041" errors="0" timestamp="2023-07-19T01:39:58 IST" skipped="0">
  <testcase classname="testcases.fileUpload" name="setupDriver" time="5.158"/>
  <system-out/>
  <testcase classname="testcases.fileUpload" name="test01" time="1.883"/>
  <system-out/>
</testsuite> <!-- testcases.fileUpload -->
