<?xml version="1.0" encoding="UTF-8"?>
<!-- Generated by org.testng.reporters.JUnitReportReporter -->
<testsuite hostname="DESKTOP-LQS24JT" failures="0" tests="5" name="testcases.brokenImageLink" time="19.812" errors="0" timestamp="2023-07-19T01:39:58 IST" skipped="0">
  <testcase classname="testcases.brokenImageLink" name="test04" time="0.685"/>
  <system-out/>
  <testcase classname="testcases.brokenImageLink" name="setupDriver" time="13.501"/>
  <system-out/>
  <testcase classname="testcases.brokenImageLink" name="test02" time="0.662"/>
  <system-out/>
  <testcase classname="testcases.brokenImageLink" name="test01" time="4.284"/>
  <system-out/>
  <testcase classname="testcases.brokenImageLink" name="test03" time="0.680"/>
  <system-out/>
</testsuite> <!-- testcases.brokenImageLink -->
